\BOOKMARK [0][-]{dummy.1}{\376\377\000A\000b\000s\000t\000r\000a\000c\000t}{}% 1
\BOOKMARK [0][-]{dummy.2}{\376\377\000C\000o\000n\000t\000e\000n\000t\000s}{}% 2
\BOOKMARK [0][-]{dummy.4}{\376\377\000N\000o\000t\000a\000t\000i\000o\000n}{}% 3
\BOOKMARK [0][-]{chapter.7}{\376\377\0001\000\040\000T\000h\000e\000o\000r\000y}{}% 4
\BOOKMARK [1][-]{section.8}{\376\377\0001\000.\0001\000\040\000I\000n\000f\000o\000r\000m\000a\000l\000\040\000i\000n\000t\000r\000o\000d\000u\000c\000t\000i\000o\000n\000\040\000t\000o\000\040\000l\000e\000a\000s\000t\000-\000s\000q\000u\000a\000r\000e\000s}{chapter.7}% 5
\BOOKMARK [1][-]{section.18}{\376\377\0001\000.\0002\000\040\000\040\000F\000o\000r\000m\000a\000l\000\040\000f\000o\000r\000m\000u\000l\000a\000t\000i\000o\000n\000\040\000o\000f\000\040\000l\000e\000a\000s\000t\000-\000s\000q\000u\000a\000r\000e\000s}{chapter.7}% 6
\BOOKMARK [1][-]{section.28}{\376\377\0001\000.\0003\000\040\000E\000r\000r\000o\000r\000\040\000a\000n\000a\000l\000y\000s\000i\000s}{chapter.7}% 7
\BOOKMARK [1][-]{section.31}{\376\377\0001\000.\0004\000\040\000L\000e\000a\000s\000t\000\040\000s\000q\000u\000a\000r\000e\000s\000\040\000a\000p\000p\000l\000i\000e\000d\000\040\000o\000n\000\040\000s\000o\000m\000e\000\040\000c\000o\000m\000m\000o\000n\000\040\000P\000D\000E\000'\000s}{chapter.7}% 8
\BOOKMARK [2][-]{subsection.37}{\376\377\0001\000.\0004\000.\0001\000\040\000P\000o\000i\000s\000s\000o\000n\000\040\000p\000r\000o\000b\000l\000e\000m}{section.31}% 9
\BOOKMARK [2][-]{subsection.46}{\376\377\0001\000.\0004\000.\0002\000\040\000D\000i\000f\000f\000u\000s\000i\000o\000n\000\040\000t\000r\000a\000n\000s\000p\000o\000r\000t\000\040\000r\000e\000a\000c\000t\000i\000o\000n\000\040\000p\000r\000o\000b\000l\000e\000m}{section.31}% 10
\BOOKMARK [2][-]{subsection.50}{\376\377\0001\000.\0004\000.\0003\000\040\000N\000o\000n\000l\000i\000n\000e\000a\000r\000\040\000p\000r\000o\000b\000l\000e\000m}{section.31}% 11
\BOOKMARK [1][-]{section.53}{\376\377\0001\000.\0005\000\040\000B\000o\000u\000n\000d\000a\000r\000y\000\040\000c\000o\000n\000d\000i\000t\000i\000o\000n\000s}{chapter.7}% 12
\BOOKMARK [2][-]{subsection.54}{\376\377\0001\000.\0005\000.\0001\000\040\000n\000o\000n\000-\000h\000o\000m\000o\000g\000e\000n\000e\000o\000u\000s\000\040\000D\000i\000r\000i\000c\000h\000l\000e\000t\000\040\000b\000o\000u\000n\000d\000a\000r\000y\000\040\000c\000o\000n\000d\000i\000t\000i\000o\000n\000s}{section.53}% 13
\BOOKMARK [2][-]{subsection.59}{\376\377\0001\000.\0005\000.\0002\000\040\000n\000o\000n\000-\000h\000o\000m\000o\000g\000e\000n\000e\000o\000u\000s\000\040\000N\000e\000u\000m\000a\000n\000n\000\040\000b\000o\000u\000n\000d\000a\000r\000y\000\040\000c\000o\000n\000d\000i\000t\000i\000o\000n\000s}{section.53}% 14
\BOOKMARK [2][-]{subsection.65}{\376\377\0001\000.\0005\000.\0003\000\040\000B\000o\000u\000n\000d\000a\000r\000y\000\040\000a\000s\000\040\000a\000n\000\040\000a\000d\000d\000i\000t\000i\000o\000n\000a\000l\000\040\000f\000u\000n\000c\000t\000i\000o\000n\000a\000l}{section.53}% 15
\BOOKMARK [0][-]{chapter.68}{\376\377\0002\000\040\000S\000t\000a\000b\000i\000l\000i\000t\000y\000\040\000p\000r\000o\000p\000e\000r\000t\000i\000e\000s\000\040\000o\000f\000\040\000l\000e\000a\000s\000t\000-\000s\000q\000u\000a\000r\000e\000s}{}% 16
\BOOKMARK [1][-]{section.69}{\376\377\0002\000.\0001\000\040\000I\000n\000s\000t\000a\000b\000i\000l\000i\000t\000y\000\040\000w\000i\000t\000h\000\040\000t\000h\000e\000\040\000G\000a\000l\000e\000r\000k\000i\000n\000\040\000f\000o\000r\000m\000u\000l\000a\000t\000i\000o\000n}{chapter.68}% 17
\BOOKMARK [1][-]{section.74}{\376\377\0002\000.\0002\000\040\000A\000d\000d\000i\000n\000g\000\040\000l\000e\000a\000s\000t\000\040\000s\000q\000u\000a\000r\000e\000s\000\040\000i\000n\000\040\000o\000r\000d\000e\000r\000\040\000t\000o\000\040\000o\000b\000t\000a\000i\000n\000\040\000s\000t\000a\000b\000i\000l\000i\000t\000y}{chapter.68}% 18
\BOOKMARK [1][-]{section.79}{\376\377\0002\000.\0003\000\040\000E\000s\000t\000i\000m\000a\000t\000i\000o\000n\000\040\000o\000f\000\040\000t\000h\000e\000\040\000c\000o\000e\000r\000c\000i\000v\000i\000t\000y\000\040\000c\000o\000n\000s\000t\000a\000n\000t\000\040}{chapter.68}% 19
\BOOKMARK [0][-]{chapter.84}{\376\377\0003\000\040\000I\000m\000p\000l\000e\000m\000e\000n\000t\000a\000t\000i\000o\000n}{}% 20
\BOOKMARK [1][-]{section.85}{\376\377\0003\000.\0001\000\040\000T\000h\000e\000\040\000b\000i\000l\000i\000n\000e\000a\000r\000\040\000f\000o\000r\000m\000\040\000o\000b\000t\000a\000i\000n\000e\000d\000\040\000f\000r\000o\000m\000\040\000l\000e\000a\000s\000t\000-\000s\000q\000u\000a\000r\000e\000s}{chapter.84}% 21
\BOOKMARK [1][-]{section.91}{\376\377\0003\000.\0002\000\040\000L\000e\000a\000s\000t\000\040\000s\000q\000u\000a\000r\000e\000s\000\040\000w\000i\000t\000h\000\040\000f\000i\000n\000i\000t\000e\000\040\000e\000l\000e\000m\000e\000n\000t\000\040\000b\000a\000s\000i\000s\000\040\000f\000u\000n\000c\000t\000i\000o\000n\000s}{chapter.84}% 22
\BOOKMARK [1][-]{section.92}{\376\377\0003\000.\0003\000\040\000L\000e\000a\000s\000t\000\040\000s\000q\000u\000a\000r\000e\000s\000\040\000w\000i\000t\000h\000\040\000s\000p\000e\000c\000t\000r\000a\000l\000\040\000b\000a\000s\000i\000s\000\040\000f\000u\000n\000c\000t\000i\000o\000n\000s}{chapter.84}% 23
\BOOKMARK [1][-]{section.97}{\376\377\0003\000.\0004\000\040\000L\000S\000\040\000s\000p\000e\000c\000t\000r\000a\000l\000\040\000m\000e\000t\000h\000o\000d\000\040\000f\000o\000r\000\040\000t\000h\000e\000\040\000d\000i\000f\000f\000u\000s\000i\000o\000n\000\040\000t\000r\000a\000n\000s\000p\000o\000r\000t\000\040\000r\000e\000a\000c\000t\000i\000o\000n\000\040\000e\000q\000u\000a\000t\000i\000o\000n}{chapter.84}% 24
\BOOKMARK [2][-]{subsection.99}{\376\377\0003\000.\0004\000.\0001\000\040\000L\000a\000p\000l\000a\000c\000i\000a\000n\000\040\000p\000a\000r\000t}{section.97}% 25
\BOOKMARK [2][-]{subsection.100}{\376\377\0003\000.\0004\000.\0002\000\040\000G\000r\000a\000d\000i\000e\000n\000t\000\040\000p\000a\000r\000t}{section.97}% 26
\BOOKMARK [2][-]{subsection.102}{\376\377\0003\000.\0004\000.\0003\000\040\000R\000e\000a\000c\000t\000i\000o\000n\000\040\000p\000a\000r\000t}{section.97}% 27
\BOOKMARK [2][-]{subsection.104}{\376\377\0003\000.\0004\000.\0004\000\040\000T\000h\000e\000\040\000l\000o\000a\000d\000i\000n\000g\000\040\000f\000u\000n\000c\000t\000i\000o\000n}{section.97}% 28
\BOOKMARK [2][-]{subsection.105}{\376\377\0003\000.\0004\000.\0005\000\040\000T\000o\000t\000a\000l\000\040\000m\000a\000t\000r\000i\000x}{section.97}% 29
\BOOKMARK [1][-]{section.107}{\376\377\0003\000.\0005\000\040\000n\000o\000n\000-\000l\000i\000n\000e\000a\000r\000\040\000d\000i\000f\000f\000u\000s\000i\000o\000n\000\040\000t\000r\000a\000n\000s\000p\000o\000r\000t\000\040\000p\000r\000o\000b\000l\000e\000m}{chapter.84}% 30
\BOOKMARK [0][-]{chapter.113}{\376\377\0004\000\040\000R\000e\000s\000u\000l\000t\000s}{}% 31
\BOOKMARK [1][-]{section.114}{\376\377\0004\000.\0001\000\040\000T\000h\000e\000\040\000m\000a\000i\000n\000\040\000d\000i\000f\000f\000e\000r\000e\000n\000c\000e\000s}{chapter.113}% 32
\BOOKMARK [2][-]{subsection.115}{\376\377\0004\000.\0001\000.\0001\000\040\000P\000o\000i\000s\000s\000o\000n\000\040\000p\000r\000o\000b\000l\000e\000m}{section.114}% 33
\BOOKMARK [2][-]{subsection.118}{\376\377\0004\000.\0001\000.\0002\000\040\000D\000i\000f\000f\000u\000s\000i\000o\000n\000\040\000t\000r\000a\000n\000s\000p\000o\000r\000t\000\040\000e\000q\000u\000a\000t\000i\000o\000n\000\040\000c\000o\000n\000v\000e\000r\000g\000e\000n\000c\000e\000\040\000a\000n\000d\000\040\000c\000o\000n\000d\000i\000t\000i\000o\000n\000\040\000n\000u\000m\000b\000e\000r}{section.114}% 34
\BOOKMARK [2][-]{subsection.122}{\376\377\0004\000.\0001\000.\0003\000\040\000D\000i\000f\000f\000u\000s\000i\000o\000n\000\040\000t\000r\000a\000n\000s\000p\000o\000r\000t\000\040\000e\000q\000u\000a\000t\000i\000o\000n\000\040\000s\000u\000r\000f\000a\000c\000e\000\040\000p\000l\000o\000t\000s}{section.114}% 35
\BOOKMARK [0][-]{appendix.127}{\376\377\000A\000\040\000A\000p\000p\000e\000n\000d\000i\000x\000\040\000T\000i\000t\000l\000e\000\040\000H\000e\000r\000e}{}% 36
\BOOKMARK [0][-]{dummy.128}{\376\377\000B\000i\000b\000l\000i\000o\000g\000r\000a\000p\000h\000y}{}% 37
